 Disease : anxiety = 5
 Disease : arrhythmias = 3
 Disease : blindness = 1
 Disease : blurred vision = 5
 Disease : constricted pupils = 3
 Disease : cough = 6
 Disease : dialated pupils = 4
 Disease : dizziness = 5
 Disease : dry mouth = 8
 Disease : fever = 7
 Disease : headache = 3
 Disease : high blood pressure = 10
 Disease : inflamation = 7
 Disease : insomnia = 4
 Disease : low blood pressure = 4
 Disease : nausea = 5
 Disease : rapid heart rate = 1
 Disease : rash = 4
 Disease : shortness of breath = 3
 Disease : stiff neck = 4
 Disease : stomach pain = 3
 Disease : tremor = 4
 Disease : water retention = 1
